<?xml version="1.0" encoding="UTF-8"?>
<!-- Generated by org.testng.reporters.JUnitXMLReporter -->
<testsuite hostname="AMANGARG-LW9654" ignored="0" name="EveryDayWell" tests="5" failures="0" timestamp="16 Jun 2019 20:54:39 GMT" time="343.624" errors="0">
  <testcase name="accountPreferenceTest" time="57.497" classname="edw.edw.pagelets.AccountPreferenceTest"/>
  <testcase name="accountPreferenceTest" time="54.063" classname="edw.edw.pagelets.AccountPreferenceTest"/>
  <testcase name="accountPreferenceTest" time="62.526" classname="edw.edw.pagelets.AccountPreferenceTest"/>
  <testcase name="accountPreferenceTest" time="54.697" classname="edw.edw.pagelets.AccountPreferenceTest"/>
  <testcase name="accountPreferenceTest" time="52.615" classname="edw.edw.pagelets.AccountPreferenceTest"/>
</testsuite> <!-- EveryDayWell -->
