<?xml version="1.0" encoding="UTF-8"?>
<!-- Generated by org.testng.reporters.JUnitXMLReporter -->
<testsuite hostname="AMANGARG-LW9654" ignored="0" name="EveryDayWell2" tests="5" failures="0" timestamp="16 Jun 2019 20:54:19 GMT" time="323.634" errors="0">
  <testcase name="accountPreferenceTest" time="57.173" classname="edw.edw.pagelets.AccountPreferenceTest"/>
  <testcase name="accountPreferenceTest" time="53.575" classname="edw.edw.pagelets.AccountPreferenceTest"/>
  <testcase name="accountPreferenceTest" time="56.5" classname="edw.edw.pagelets.AccountPreferenceTest"/>
  <testcase name="accountPreferenceTest" time="55.509" classname="edw.edw.pagelets.AccountPreferenceTest"/>
  <testcase name="accountPreferenceTest" time="52.385" classname="edw.edw.pagelets.AccountPreferenceTest"/>
</testsuite> <!-- EveryDayWell2 -->
