<?xml version="1.0" encoding="UTF-8"?>
<!-- Generated by org.testng.reporters.JUnitXMLReporter -->
<testsuite hostname="AMANGARG-LW9654" ignored="0" name="Staging" tests="5" failures="0" timestamp="16 Jun 2019 21:52:03 GMT" time="64.312" errors="0">
  <testcase name="accountPreferenceTest" time="0.007" classname="edw.edw.pagelets.AccountPreferenceTest"/>
  <testcase name="accountPreferenceTest" time="0.002" classname="edw.edw.pagelets.AccountPreferenceTest"/>
  <testcase name="accountPreferenceTest" time="0.001" classname="edw.edw.pagelets.AccountPreferenceTest"/>
  <testcase name="accountPreferenceTest" time="0.003" classname="edw.edw.pagelets.AccountPreferenceTest"/>
  <testcase name="accountPreferenceTest" time="0.007" classname="edw.edw.pagelets.AccountPreferenceTest"/>
</testsuite> <!-- Staging -->
