<?xml version="1.0" encoding="UTF-8"?>
<!-- Generated by org.testng.reporters.JUnitXMLReporter -->
<testsuite hostname="AMANGARG-LW9654" ignored="0" name="StagingforIE" tests="5" failures="0" timestamp="16 Jun 2019 21:53:32 GMT" time="45.648" errors="0">
  <testcase name="accountPreferenceTest" time="0.003" classname="edw.edw.pagelets.AccountPreferenceTest"/>
  <testcase name="accountPreferenceTest" time="0.0" classname="edw.edw.pagelets.AccountPreferenceTest"/>
  <testcase name="accountPreferenceTest" time="0.001" classname="edw.edw.pagelets.AccountPreferenceTest"/>
  <testcase name="accountPreferenceTest" time="0.0" classname="edw.edw.pagelets.AccountPreferenceTest"/>
  <testcase name="accountPreferenceTest" time="0.001" classname="edw.edw.pagelets.AccountPreferenceTest"/>
</testsuite> <!-- StagingforIE -->
