<?xml version="1.0" encoding="UTF-8"?>
<!-- Generated by org.testng.reporters.JUnitXMLReporter -->
<testsuite hostname="AMANGARG-LW9654" ignored="0" name="Stagingforchrome" tests="5" failures="0" timestamp="16 Jun 2019 21:43:30 GMT" time="49.749" errors="0">
  <testcase name="accountPreferenceTest" time="0.009" classname="edw.edw.pagelets.AccountPreferenceTest"/>
  <testcase name="accountPreferenceTest" time="0.0" classname="edw.edw.pagelets.AccountPreferenceTest"/>
  <testcase name="accountPreferenceTest" time="0.0" classname="edw.edw.pagelets.AccountPreferenceTest"/>
  <testcase name="accountPreferenceTest" time="0.001" classname="edw.edw.pagelets.AccountPreferenceTest"/>
  <testcase name="accountPreferenceTest" time="0.001" classname="edw.edw.pagelets.AccountPreferenceTest"/>
</testsuite> <!-- Stagingforchrome -->
