<?xml version="1.0" encoding="UTF-8"?>
<testng-results skipped="0" failed="0" ignored="0" total="5" passed="5">
  <reporter-output>
    <line>
      <![CDATA[Environment Configuration Ready]]>
    </line>
    <line>
      <![CDATA[IE Driver Started.]]>
    </line>
    <line>
      <![CDATA[Navigating to url : https://everydaywell.dex.staginghealtheintent.com/pages/home]]>
    </line>
    <line>
      <![CDATA[Script will not be executed for this user as suggested in settings.]]>
    </line>
    <line>
      <![CDATA[IE Driver Started.]]>
    </line>
    <line>
      <![CDATA[Navigating to url : https://everydaywell.dex.staginghealtheintent.com/pages/home]]>
    </line>
    <line>
      <![CDATA[Script will not be executed for this user as suggested in settings.]]>
    </line>
    <line>
      <![CDATA[IE Driver Started.]]>
    </line>
    <line>
      <![CDATA[Navigating to url : https://everydaywell.dex.staginghealtheintent.com/pages/home]]>
    </line>
    <line>
      <![CDATA[Script will not be executed for this user as suggested in settings.]]>
    </line>
    <line>
      <![CDATA[IE Driver Started.]]>
    </line>
    <line>
      <![CDATA[Navigating to url : https://everydaywell.dex.staginghealtheintent.com/pages/home]]>
    </line>
    <line>
      <![CDATA[Script will not be executed for this user as suggested in settings.]]>
    </line>
    <line>
      <![CDATA[IE Driver Started.]]>
    </line>
    <line>
      <![CDATA[Navigating to url : https://everydaywell.dex.staginghealtheintent.com/pages/home]]>
    </line>
    <line>
      <![CDATA[Script will not be executed for this user as suggested in settings.]]>
    </line>
  </reporter-output>
  <suite name="WEB" duration-ms="45648" started-at="2019-06-16T21:52:46Z" finished-at="2019-06-16T21:53:32Z">
    <groups>
    </groups>
    <test name="StagingforIE" duration-ms="45648" started-at="2019-06-16T21:52:46Z" finished-at="2019-06-16T21:53:32Z">
      <class name="edw.edw.pagelets.AccountPreferenceTest">
        <test-method status="PASS" signature="Database()[pri:0, instance:edw.edw.pagelets.AccountPreferenceTest@6adede5]" name="Database" is-config="true" duration-ms="75" started-at="2019-06-16T21:52:46Z" finished-at="2019-06-16T21:52:46Z">
          <reporter-output>
            <line>
              <![CDATA[Environment Configuration Ready]]>
            </line>
          </reporter-output>
        </test-method> <!-- Database -->
        <test-method status="PASS" signature="beforeClass()[pri:0, instance:edw.edw.pagelets.AccountPreferenceTest@6adede5]" name="beforeClass" is-config="true" duration-ms="437" started-at="2019-06-16T21:52:46Z" finished-at="2019-06-16T21:52:46Z">
          <reporter-output>
          </reporter-output>
        </test-method> <!-- beforeClass -->
        <test-method status="PASS" signature="Initialize(java.lang.String, java.lang.String, java.lang.String, int, int, java.lang.String, java.lang.String, java.lang.String, java.lang.String, java.lang.String, java.lang.String)[pri:0, instance:edw.edw.pagelets.AccountPreferenceTest@6adede5]" name="Initialize" is-config="true" duration-ms="9700" started-at="2019-06-16T21:52:46Z" finished-at="2019-06-16T21:52:56Z">
          <params>
            <param index="0">
              <value>
                <![CDATA[IE]]>
              </value>
            </param>
            <param index="1">
              <value>
                <![CDATA[https://everydaywell.dex.staginghealtheintent.com/pages/home]]>
              </value>
            </param>
            <param index="2">
              <value>
                <![CDATA[/wd/hub]]>
              </value>
            </param>
            <param index="3">
              <value>
                <![CDATA[100]]>
              </value>
            </param>
            <param index="4">
              <value>
                <![CDATA[150]]>
              </value>
            </param>
            <param index="5">
              <value>
                <![CDATA[64bit]]>
              </value>
            </param>
            <param index="6">
              <value>
                <![CDATA[desktop]]>
              </value>
            </param>
            <param index="7">
              <value>
                <![CDATA[Chrome]]>
              </value>
            </param>
            <param index="8">
              <value>
                <![CDATA[63.0]]>
              </value>
            </param>
            <param index="9">
              <value>
                <![CDATA[Windows]]>
              </value>
            </param>
            <param index="10">
              <value>
                <![CDATA[10]]>
              </value>
            </param>
          </params>
          <reporter-output>
            <line>
              <![CDATA[IE Driver Started.]]>
            </line>
            <line>
              <![CDATA[Navigating to url : https://everydaywell.dex.staginghealtheintent.com/pages/home]]>
            </line>
          </reporter-output>
        </test-method> <!-- Initialize -->
        <test-method status="PASS" signature="accountPreferenceTest(java.lang.String, java.lang.String, java.lang.String, java.lang.String, java.lang.String, java.lang.String)[pri:0, instance:edw.edw.pagelets.AccountPreferenceTest@6adede5]" name="accountPreferenceTest" duration-ms="3" started-at="2019-06-16T21:52:56Z" data-provider="Authentication" finished-at="2019-06-16T21:52:56Z">
          <params>
            <param index="0">
              <value>
                <![CDATA[edwmhemp1@yopmail.com]]>
              </value>
            </param>
            <param index="1">
              <value>
                <![CDATA[SGVhbHRoMDE=]]>
              </value>
            </param>
            <param index="2">
              <value>
                <![CDATA[member]]>
              </value>
            </param>
            <param index="3">
              <value>
                <![CDATA[desktop]]>
              </value>
            </param>
            <param index="4">
              <value>
                <![CDATA[MHE]]>
              </value>
            </param>
            <param index="5">
              <value>
                <![CDATA[no]]>
              </value>
            </param>
          </params>
          <reporter-output>
            <line>
              <![CDATA[Script will not be executed for this user as suggested in settings.]]>
            </line>
          </reporter-output>
        </test-method> <!-- accountPreferenceTest -->
        <test-method status="PASS" signature="drop()[pri:0, instance:edw.edw.pagelets.AccountPreferenceTest@6adede5]" name="drop" is-config="true" duration-ms="540" started-at="2019-06-16T21:52:56Z" finished-at="2019-06-16T21:52:57Z">
          <reporter-output>
          </reporter-output>
        </test-method> <!-- drop -->
        <test-method status="PASS" signature="Initialize(java.lang.String, java.lang.String, java.lang.String, int, int, java.lang.String, java.lang.String, java.lang.String, java.lang.String, java.lang.String, java.lang.String)[pri:0, instance:edw.edw.pagelets.AccountPreferenceTest@6adede5]" name="Initialize" is-config="true" duration-ms="8050" started-at="2019-06-16T21:52:57Z" finished-at="2019-06-16T21:53:05Z">
          <params>
            <param index="0">
              <value>
                <![CDATA[IE]]>
              </value>
            </param>
            <param index="1">
              <value>
                <![CDATA[https://everydaywell.dex.staginghealtheintent.com/pages/home]]>
              </value>
            </param>
            <param index="2">
              <value>
                <![CDATA[/wd/hub]]>
              </value>
            </param>
            <param index="3">
              <value>
                <![CDATA[100]]>
              </value>
            </param>
            <param index="4">
              <value>
                <![CDATA[150]]>
              </value>
            </param>
            <param index="5">
              <value>
                <![CDATA[64bit]]>
              </value>
            </param>
            <param index="6">
              <value>
                <![CDATA[desktop]]>
              </value>
            </param>
            <param index="7">
              <value>
                <![CDATA[Chrome]]>
              </value>
            </param>
            <param index="8">
              <value>
                <![CDATA[63.0]]>
              </value>
            </param>
            <param index="9">
              <value>
                <![CDATA[Windows]]>
              </value>
            </param>
            <param index="10">
              <value>
                <![CDATA[10]]>
              </value>
            </param>
          </params>
          <reporter-output>
            <line>
              <![CDATA[IE Driver Started.]]>
            </line>
            <line>
              <![CDATA[Navigating to url : https://everydaywell.dex.staginghealtheintent.com/pages/home]]>
            </line>
          </reporter-output>
        </test-method> <!-- Initialize -->
        <test-method status="PASS" signature="drop()[pri:0, instance:edw.edw.pagelets.AccountPreferenceTest@6adede5]" name="drop" is-config="true" duration-ms="547" started-at="2019-06-16T21:53:05Z" finished-at="2019-06-16T21:53:05Z">
          <reporter-output>
          </reporter-output>
        </test-method> <!-- drop -->
        <test-method status="PASS" signature="accountPreferenceTest(java.lang.String, java.lang.String, java.lang.String, java.lang.String, java.lang.String, java.lang.String)[pri:0, instance:edw.edw.pagelets.AccountPreferenceTest@6adede5]" name="accountPreferenceTest" duration-ms="0" started-at="2019-06-16T21:53:05Z" data-provider="Authentication" finished-at="2019-06-16T21:53:05Z">
          <params>
            <param index="0">
              <value>
                <![CDATA[edwm1@yopmail.com]]>
              </value>
            </param>
            <param index="1">
              <value>
                <![CDATA[SGVhbHRoMDE=]]>
              </value>
            </param>
            <param index="2">
              <value>
                <![CDATA[memberpatient]]>
              </value>
            </param>
            <param index="3">
              <value>
                <![CDATA[desktop]]>
              </value>
            </param>
            <param index="4">
              <value>
                <![CDATA[MHE]]>
              </value>
            </param>
            <param index="5">
              <value>
                <![CDATA[no]]>
              </value>
            </param>
          </params>
          <reporter-output>
            <line>
              <![CDATA[Script will not be executed for this user as suggested in settings.]]>
            </line>
          </reporter-output>
        </test-method> <!-- accountPreferenceTest -->
        <test-method status="PASS" signature="Initialize(java.lang.String, java.lang.String, java.lang.String, int, int, java.lang.String, java.lang.String, java.lang.String, java.lang.String, java.lang.String, java.lang.String)[pri:0, instance:edw.edw.pagelets.AccountPreferenceTest@6adede5]" name="Initialize" is-config="true" duration-ms="8118" started-at="2019-06-16T21:53:05Z" finished-at="2019-06-16T21:53:13Z">
          <params>
            <param index="0">
              <value>
                <![CDATA[IE]]>
              </value>
            </param>
            <param index="1">
              <value>
                <![CDATA[https://everydaywell.dex.staginghealtheintent.com/pages/home]]>
              </value>
            </param>
            <param index="2">
              <value>
                <![CDATA[/wd/hub]]>
              </value>
            </param>
            <param index="3">
              <value>
                <![CDATA[100]]>
              </value>
            </param>
            <param index="4">
              <value>
                <![CDATA[150]]>
              </value>
            </param>
            <param index="5">
              <value>
                <![CDATA[64bit]]>
              </value>
            </param>
            <param index="6">
              <value>
                <![CDATA[desktop]]>
              </value>
            </param>
            <param index="7">
              <value>
                <![CDATA[Chrome]]>
              </value>
            </param>
            <param index="8">
              <value>
                <![CDATA[63.0]]>
              </value>
            </param>
            <param index="9">
              <value>
                <![CDATA[Windows]]>
              </value>
            </param>
            <param index="10">
              <value>
                <![CDATA[10]]>
              </value>
            </param>
          </params>
          <reporter-output>
            <line>
              <![CDATA[IE Driver Started.]]>
            </line>
            <line>
              <![CDATA[Navigating to url : https://everydaywell.dex.staginghealtheintent.com/pages/home]]>
            </line>
          </reporter-output>
        </test-method> <!-- Initialize -->
        <test-method status="PASS" signature="accountPreferenceTest(java.lang.String, java.lang.String, java.lang.String, java.lang.String, java.lang.String, java.lang.String)[pri:0, instance:edw.edw.pagelets.AccountPreferenceTest@6adede5]" name="accountPreferenceTest" duration-ms="1" started-at="2019-06-16T21:53:13Z" data-provider="Authentication" finished-at="2019-06-16T21:53:13Z">
          <params>
            <param index="0">
              <value>
                <![CDATA[edwp4@yopmail.com]]>
              </value>
            </param>
            <param index="1">
              <value>
                <![CDATA[SGVhbHRoMDE=]]>
              </value>
            </param>
            <param index="2">
              <value>
                <![CDATA[patient]]>
              </value>
            </param>
            <param index="3">
              <value>
                <![CDATA[desktop]]>
              </value>
            </param>
            <param index="4">
              <value>
                <![CDATA[MHNE]]>
              </value>
            </param>
            <param index="5">
              <value>
                <![CDATA[no]]>
              </value>
            </param>
          </params>
          <reporter-output>
            <line>
              <![CDATA[Script will not be executed for this user as suggested in settings.]]>
            </line>
          </reporter-output>
        </test-method> <!-- accountPreferenceTest -->
        <test-method status="PASS" signature="drop()[pri:0, instance:edw.edw.pagelets.AccountPreferenceTest@6adede5]" name="drop" is-config="true" duration-ms="535" started-at="2019-06-16T21:53:13Z" finished-at="2019-06-16T21:53:14Z">
          <reporter-output>
          </reporter-output>
        </test-method> <!-- drop -->
        <test-method status="PASS" signature="Initialize(java.lang.String, java.lang.String, java.lang.String, int, int, java.lang.String, java.lang.String, java.lang.String, java.lang.String, java.lang.String, java.lang.String)[pri:0, instance:edw.edw.pagelets.AccountPreferenceTest@6adede5]" name="Initialize" is-config="true" duration-ms="8499" started-at="2019-06-16T21:53:14Z" finished-at="2019-06-16T21:53:22Z">
          <params>
            <param index="0">
              <value>
                <![CDATA[IE]]>
              </value>
            </param>
            <param index="1">
              <value>
                <![CDATA[https://everydaywell.dex.staginghealtheintent.com/pages/home]]>
              </value>
            </param>
            <param index="2">
              <value>
                <![CDATA[/wd/hub]]>
              </value>
            </param>
            <param index="3">
              <value>
                <![CDATA[100]]>
              </value>
            </param>
            <param index="4">
              <value>
                <![CDATA[150]]>
              </value>
            </param>
            <param index="5">
              <value>
                <![CDATA[64bit]]>
              </value>
            </param>
            <param index="6">
              <value>
                <![CDATA[desktop]]>
              </value>
            </param>
            <param index="7">
              <value>
                <![CDATA[Chrome]]>
              </value>
            </param>
            <param index="8">
              <value>
                <![CDATA[63.0]]>
              </value>
            </param>
            <param index="9">
              <value>
                <![CDATA[Windows]]>
              </value>
            </param>
            <param index="10">
              <value>
                <![CDATA[10]]>
              </value>
            </param>
          </params>
          <reporter-output>
            <line>
              <![CDATA[IE Driver Started.]]>
            </line>
            <line>
              <![CDATA[Navigating to url : https://everydaywell.dex.staginghealtheintent.com/pages/home]]>
            </line>
          </reporter-output>
        </test-method> <!-- Initialize -->
        <test-method status="PASS" signature="drop()[pri:0, instance:edw.edw.pagelets.AccountPreferenceTest@6adede5]" name="drop" is-config="true" duration-ms="531" started-at="2019-06-16T21:53:22Z" finished-at="2019-06-16T21:53:23Z">
          <reporter-output>
          </reporter-output>
        </test-method> <!-- drop -->
        <test-method status="PASS" signature="accountPreferenceTest(java.lang.String, java.lang.String, java.lang.String, java.lang.String, java.lang.String, java.lang.String)[pri:0, instance:edw.edw.pagelets.AccountPreferenceTest@6adede5]" name="accountPreferenceTest" duration-ms="0" started-at="2019-06-16T21:53:22Z" data-provider="Authentication" finished-at="2019-06-16T21:53:22Z">
          <params>
            <param index="0">
              <value>
                <![CDATA[edwc1@yopmail.com]]>
              </value>
            </param>
            <param index="1">
              <value>
                <![CDATA[SGVhbHRoMDE=]]>
              </value>
            </param>
            <param index="2">
              <value>
                <![CDATA[customer]]>
              </value>
            </param>
            <param index="3">
              <value>
                <![CDATA[desktop]]>
              </value>
            </param>
            <param index="4">
              <value>
                <![CDATA[MHNE]]>
              </value>
            </param>
            <param index="5">
              <value>
                <![CDATA[no]]>
              </value>
            </param>
          </params>
          <reporter-output>
            <line>
              <![CDATA[Script will not be executed for this user as suggested in settings.]]>
            </line>
          </reporter-output>
        </test-method> <!-- accountPreferenceTest -->
        <test-method status="PASS" signature="Initialize(java.lang.String, java.lang.String, java.lang.String, int, int, java.lang.String, java.lang.String, java.lang.String, java.lang.String, java.lang.String, java.lang.String)[pri:0, instance:edw.edw.pagelets.AccountPreferenceTest@6adede5]" name="Initialize" is-config="true" duration-ms="8122" started-at="2019-06-16T21:53:23Z" finished-at="2019-06-16T21:53:31Z">
          <params>
            <param index="0">
              <value>
                <![CDATA[IE]]>
              </value>
            </param>
            <param index="1">
              <value>
                <![CDATA[https://everydaywell.dex.staginghealtheintent.com/pages/home]]>
              </value>
            </param>
            <param index="2">
              <value>
                <![CDATA[/wd/hub]]>
              </value>
            </param>
            <param index="3">
              <value>
                <![CDATA[100]]>
              </value>
            </param>
            <param index="4">
              <value>
                <![CDATA[150]]>
              </value>
            </param>
            <param index="5">
              <value>
                <![CDATA[64bit]]>
              </value>
            </param>
            <param index="6">
              <value>
                <![CDATA[desktop]]>
              </value>
            </param>
            <param index="7">
              <value>
                <![CDATA[Chrome]]>
              </value>
            </param>
            <param index="8">
              <value>
                <![CDATA[63.0]]>
              </value>
            </param>
            <param index="9">
              <value>
                <![CDATA[Windows]]>
              </value>
            </param>
            <param index="10">
              <value>
                <![CDATA[10]]>
              </value>
            </param>
          </params>
          <reporter-output>
            <line>
              <![CDATA[IE Driver Started.]]>
            </line>
            <line>
              <![CDATA[Navigating to url : https://everydaywell.dex.staginghealtheintent.com/pages/home]]>
            </line>
          </reporter-output>
        </test-method> <!-- Initialize -->
        <test-method status="PASS" signature="accountPreferenceTest(java.lang.String, java.lang.String, java.lang.String, java.lang.String, java.lang.String, java.lang.String)[pri:0, instance:edw.edw.pagelets.AccountPreferenceTest@6adede5]" name="accountPreferenceTest" duration-ms="1" started-at="2019-06-16T21:53:31Z" data-provider="Authentication" finished-at="2019-06-16T21:53:31Z">
          <params>
            <param index="0">
              <value>
                <![CDATA[edwc2@yopmail.com]]>
              </value>
            </param>
            <param index="1">
              <value>
                <![CDATA[SGVhbHRoMDE=]]>
              </value>
            </param>
            <param index="2">
              <value>
                <![CDATA[dependent]]>
              </value>
            </param>
            <param index="3">
              <value>
                <![CDATA[desktop]]>
              </value>
            </param>
            <param index="4">
              <value>
                <![CDATA[D]]>
              </value>
            </param>
            <param index="5">
              <value>
                <![CDATA[no]]>
              </value>
            </param>
          </params>
          <reporter-output>
            <line>
              <![CDATA[Script will not be executed for this user as suggested in settings.]]>
            </line>
          </reporter-output>
        </test-method> <!-- accountPreferenceTest -->
        <test-method status="PASS" signature="drop()[pri:0, instance:edw.edw.pagelets.AccountPreferenceTest@6adede5]" name="drop" is-config="true" duration-ms="531" started-at="2019-06-16T21:53:31Z" finished-at="2019-06-16T21:53:32Z">
          <reporter-output>
          </reporter-output>
        </test-method> <!-- drop -->
        <test-method status="PASS" signature="tearDown()[pri:0, instance:edw.edw.pagelets.AccountPreferenceTest@6adede5]" name="tearDown" is-config="true" duration-ms="26" started-at="2019-06-16T21:53:32Z" finished-at="2019-06-16T21:53:32Z">
          <reporter-output>
          </reporter-output>
        </test-method> <!-- tearDown -->
      </class> <!-- edw.edw.pagelets.AccountPreferenceTest -->
    </test> <!-- StagingforIE -->
  </suite> <!-- WEB -->
</testng-results>
