<?xml version="1.0" encoding="UTF-8"?>
<!-- Generated by org.testng.reporters.JUnitXMLReporter -->
<testsuite hostname="AMANGARG-LW9654" ignored="0" name="Default test" tests="4" failures="0" timestamp="24 Apr 2019 19:31:27 GMT" time="176.156" errors="0">
  <testcase name="eVisitTest" time="25.381" classname="edw.edw.virtualCare.EvisitTest"/>
  <testcase name="eVisitTest" time="28.139" classname="edw.edw.virtualCare.EvisitTest"/>
  <testcase name="eVisitTest" time="33.381" classname="edw.edw.virtualCare.EvisitTest"/>
  <testcase name="eVisitTest" time="30.104" classname="edw.edw.virtualCare.EvisitTest"/>
</testsuite> <!-- Default test -->
